Determining if the pthread_create exist failed with the following output:
Change Dir: /home/meng/code_my/3d-pointclouds/lecture_3/cpp/build/CMakeFiles/CMakeTmp

Run Build Command:"/usr/bin/make" "cmTC_13325/fast"
/usr/bin/make -f CMakeFiles/cmTC_13325.dir/build.make CMakeFiles/cmTC_13325.dir/build
make[1]: 进入目录“/home/meng/code_my/3d-pointclouds/lecture_3/cpp/build/CMakeFiles/CMakeTmp”
Building C object CMakeFiles/cmTC_13325.dir/CheckSymbolExists.c.o
/usr/bin/cc    -o CMakeFiles/cmTC_13325.dir/CheckSymbolExists.c.o   -c /home/meng/code_my/3d-pointclouds/lecture_3/cpp/build/CMakeFiles/CMakeTmp/CheckSymbolExists.c
Linking C executable cmTC_13325
/usr/bin/cmake -E cmake_link_script CMakeFiles/cmTC_13325.dir/link.txt --verbose=1
/usr/bin/cc      CMakeFiles/cmTC_13325.dir/CheckSymbolExists.c.o  -o cmTC_13325 
CMakeFiles/cmTC_13325.dir/CheckSymbolExists.c.o：在函数‘main’中：
CheckSymbolExists.c:(.text+0x1b)：对‘pthread_create’未定义的引用
collect2: error: ld returned 1 exit status
CMakeFiles/cmTC_13325.dir/build.make:97: recipe for target 'cmTC_13325' failed
make[1]: *** [cmTC_13325] Error 1
make[1]: 离开目录“/home/meng/code_my/3d-pointclouds/lecture_3/cpp/build/CMakeFiles/CMakeTmp”
Makefile:126: recipe for target 'cmTC_13325/fast' failed
make: *** [cmTC_13325/fast] Error 2

File /home/meng/code_my/3d-pointclouds/lecture_3/cpp/build/CMakeFiles/CMakeTmp/CheckSymbolExists.c:
/* */
#include <pthread.h>

int main(int argc, char** argv)
{
  (void)argv;
#ifndef pthread_create
  return ((int*)(&pthread_create))[argc];
#else
  (void)argc;
  return 0;
#endif
}

Determining if the function pthread_create exists in the pthreads failed with the following output:
Change Dir: /home/meng/code_my/3d-pointclouds/lecture_3/cpp/build/CMakeFiles/CMakeTmp

Run Build Command:"/usr/bin/make" "cmTC_64eee/fast"
/usr/bin/make -f CMakeFiles/cmTC_64eee.dir/build.make CMakeFiles/cmTC_64eee.dir/build
make[1]: 进入目录“/home/meng/code_my/3d-pointclouds/lecture_3/cpp/build/CMakeFiles/CMakeTmp”
Building C object CMakeFiles/cmTC_64eee.dir/CheckFunctionExists.c.o
/usr/bin/cc   -DCHECK_FUNCTION_EXISTS=pthread_create   -o CMakeFiles/cmTC_64eee.dir/CheckFunctionExists.c.o   -c /usr/share/cmake-3.10/Modules/CheckFunctionExists.c
Linking C executable cmTC_64eee
/usr/bin/cmake -E cmake_link_script CMakeFiles/cmTC_64eee.dir/link.txt --verbose=1
/usr/bin/cc  -DCHECK_FUNCTION_EXISTS=pthread_create    CMakeFiles/cmTC_64eee.dir/CheckFunctionExists.c.o  -o cmTC_64eee -lpthreads 
/usr/bin/ld: 找不到 -lpthreads
collect2: error: ld returned 1 exit status
CMakeFiles/cmTC_64eee.dir/build.make:97: recipe for target 'cmTC_64eee' failed
make[1]: *** [cmTC_64eee] Error 1
make[1]: 离开目录“/home/meng/code_my/3d-pointclouds/lecture_3/cpp/build/CMakeFiles/CMakeTmp”
Makefile:126: recipe for target 'cmTC_64eee/fast' failed
make: *** [cmTC_64eee/fast] Error 2


